生成启动时间为 2021/5/24 12:51:23。
     1>项目“E:\Calss code\5_21\练习\练习\练习.vcxproj”在节点 2 上(build 个目标)。
     1>InitializeBuildStatus:
         正在对“Debug\练习.unsuccessfulbuild”执行 Touch 任务。
       ClCompile:
         C:\Program Files (x86)\Microsoft Visual Studio 10.0\VC\bin\CL.exe /c /ZI /nologo /W3 /WX- /Od /Oy- /D _UNICODE /D UNICODE /Gm /EHsc /RTC1 /MDd /GS /fp:precise /Zc:wchar_t /Zc:forScope /Fo"Debug\\" /Fd"Debug\vc100.pdb" /Gd /TC /analyze- /errorReport:prompt "函数.c"
         函数.c
     1>e:\calss code\5_21\练习\练习\函数.c(86): error C2143: 语法错误 : 缺少“;”(在“类型”的前面)
     1>e:\calss code\5_21\练习\练习\函数.c(87): error C2065: “count”: 未声明的标识符
     1>已完成生成项目“E:\Calss code\5_21\练习\练习\练习.vcxproj”(build 个目标)的操作 - 失败。

生成失败。

已用时间 00:00:00.11
